120.c | uncertain_best_flag | {'-O0': 0.010695330000271498, '-O1': 0.010391269999854558, '-O2': 0.0103973333337611, '-O3': 0.011019949999717938}
122.c | uncertain_best_flag | {'-O0': 0.009443980000105512, '-O1': 0.00935981999955402, '-O2': 0.009493420000217157, '-O3': 0.009270630000537494}
128.c | uncertain_best_flag | {'-O0': 0.009212650000154098, '-O1': 0.009293440001238195, '-O2': 0.009368260000701411, '-O3': 0.009557690000292496}
129.c | uncertain_best_flag | {'-O0': 0.00921996999913972, '-O1': 0.009992630000306235, '-O2': 0.009062549999725888, '-O3': 0.009042249999765772}
13.c | uncertain_best_flag | {'-O0': 0.009249600000657665, '-O1': 0.009066390000589309, '-O2': 0.009132100000670107, '-O3': 0.00913486999925226}
136.c | uncertain_best_flag | {'-O0': 0.009320210000259977, '-O1': 0.009032789999764645, '-O2': 0.009291179999308952, '-O3': 0.009040360000471991}
152.c | uncertain_best_flag | {'-O0': 0.009720490000654535, '-O1': 0.009686960000362888, '-O2': 0.010417919999781589, '-O3': 0.009734037499583792}
160.c | uncertain_best_flag | {'-O0': 0.010342730000229495, '-O1': 0.009780669999054225, '-O2': 0.010179179999795451, '-O3': 0.009721790000730835}
165.c | uncertain_best_flag | {'-O0': 0.01031667999941419, '-O1': 0.009806200000639365, '-O2': 0.011491980000755575, '-O3': 0.00977240000065649}
168.c | uncertain_best_flag | {'-O0': 0.009695859999737877, '-O1': 0.009745189999921421, '-O2': 0.00946007999991707, '-O3': 0.009520270000393793}
171.c | uncertain_best_flag | {'-O0': 0.009549940000215428, '-O1': 0.009310010000990587, '-O2': 0.00944056999960594, '-O3': 0.009218759999930626}
172.c | uncertain_best_flag | {'-O0': 0.009065339999870048, '-O1': 0.009374870000829105, '-O2': 0.009124809999957507, '-O3': 0.009174940000593778}
179.c | uncertain_best_flag | {'-O0': 0.009366229999432107, '-O1': 0.009188569999605534, '-O2': 0.009212799999659183, '-O3': 0.009476916667154}
189.c | uncertain_best_flag | {'-O0': 0.009188150000045425, '-O1': 0.00933558999968227, '-O2': 0.009277710000424122, '-O3': 0.009185919999617908}
190.c | uncertain_best_flag | {'-O0': 0.010845199999312171, '-O1': 0.00939023000009911, '-O2': 0.00938676000059786, '-O3': 0.011239049999130658}
20.c | uncertain_best_flag | {'-O0': 0.009409630000118342, '-O1': 0.00922417999991012, '-O2': 0.009268140000131098, '-O3': 0.009188499999618216}
206.c | uncertain_best_flag | {'-O0': 0.017736499999773513, '-O1': 0.011684290000266629, '-O2': 0.010053359999619715, '-O3': 0.010146349999558879}
21.c | uncertain_best_flag | {'-O0': 0.009732749999966473, '-O1': 0.009622489998946548, '-O2': 0.009128169999166857, '-O3': 0.009140100000149688}
212.c | uncertain_best_flag | {'-O0': 0.010901980000016919, '-O1': 0.010830569999234286, '-O2': 0.010810324999283694, '-O3': 0.010718074999886085}
213.c | uncertain_best_flag | {'-O0': 0.009276789999421452, '-O1': 0.009259099999690079, '-O2': 0.009270270000342862, '-O3': 0.009196469999551482}
215.c | uncertain_best_flag | {'-O0': 0.009174260000327195, '-O1': 0.00926283999979205, '-O2': 0.009084169999186997, '-O3': 0.009336009999969974}
219.c | uncertain_best_flag | {'-O0': 0.009161710000262247, '-O1': 0.00915045000074315, '-O2': 0.009409637500311874, '-O3': 0.009513070000139123}
222.c | uncertain_best_flag | {'-O0': 0.00918972500039672, '-O1': 0.009379509999598667, '-O2': 0.009136510000280396, '-O3': 0.009261550000337593}
223.c | uncertain_best_flag | {'-O0': 0.009072200000264274, '-O1': 0.009523033332698105, '-O2': 0.009164359999886074, '-O3': 0.008984180000334163}
224.c | uncertain_best_flag | {'-O0': 0.009303610001006745, '-O1': 0.00926465999964421, '-O2': 0.009228760000223702, '-O3': 0.009423374999641965}
228.c | uncertain_best_flag | {'-O0': 0.013101589999496354, '-O1': 0.009317850000661565, '-O2': 0.009683009999571368, '-O3': 0.009311539999544038}
23.c | uncertain_best_flag | {'-O0': 0.009697020000203338, '-O1': 0.009450470000774657, '-O2': 0.00921804999984488, '-O3': 0.009190879999914614}
233.c | uncertain_best_flag | {'-O0': 0.009498700000828347, '-O1': 0.009392669999215286, '-O2': 0.00946273749991633, '-O3': 0.009509412500619874}
234.c | uncertain_best_flag | {'-O0': 0.009441819999847213, '-O1': 0.009563750000415894, '-O2': 0.009458862499741372, '-O3': 0.009425919999375764}
235.c | uncertain_best_flag | {'-O0': 0.009069249999083696, '-O1': 0.009514910000143572, '-O2': 0.009130320000076608, '-O3': 0.009049179999419722}
237.c | uncertain_best_flag | {'-O0': 0.009121559999221063, '-O1': 0.009044512500167912, '-O2': 0.009407310000460712, '-O3': 0.009523900000203867}
24.c | uncertain_best_flag | {'-O0': 0.009279509999578295, '-O1': 0.009414380000453092, '-O2': 0.009382589999586344, '-O3': 0.00921752499948525}
240.c | uncertain_best_flag | {'-O0': 0.010276120000889932, '-O1': 0.009961700000349082, '-O2': 0.010007579999728478, '-O3': 0.010050299999647905}
258.c | uncertain_best_flag | {'-O0': 0.009178530000099272, '-O1': 0.008963825000591896, '-O2': 0.009005520000209799, '-O3': 0.009398769999643264}
260.c | uncertain_best_flag | {'-O0': 0.009321310000268567, '-O1': 0.00901505000092584, '-O2': 0.009095700000034412, '-O3': 0.008956030000263127}
263.c | uncertain_best_flag | {'-O0': 0.009420449999379344, '-O1': 0.010570259999258268, '-O2': 0.009398729999520582, '-O3': 0.010729079999873648}
274.c | uncertain_best_flag | {'-O0': 0.009187620000557218, '-O1': 0.009409380000579403, '-O2': 0.009293550000393225, '-O3': 0.009261439999681898}
275.c | uncertain_best_flag | {'-O0': 0.010549919999903068, '-O1': 0.009378810000089288, '-O2': 0.00942445000000589, '-O3': 0.009319579999646522}
279.c | uncertain_best_flag | {'-O0': 0.009459090000564174, '-O1': 0.009131039999010682, '-O2': 0.009155210000426451, '-O3': 0.009166059999006392}
28.c | uncertain_best_flag | {'-O0': 0.009288950000154728, '-O1': 0.009135412500199891, '-O2': 0.009319500000128756, '-O3': 0.009170750000157568}
289.c | uncertain_best_flag | {'-O0': 0.009203209999395768, '-O1': 0.009725312499767824, '-O2': 0.009459729999798583, '-O3': 0.0092406600002505}
292.c | uncertain_best_flag | {'-O0': 0.009140337500866735, '-O1': 0.009103599999889411, '-O2': 0.00934052500042526, '-O3': 0.009180737500173564}
299.c | uncertain_best_flag | {'-O0': 0.009390099999654922, '-O1': 0.010569989999748942, '-O2': 0.0093150799997602, '-O3': 0.009307609999996202}
31.c | uncertain_best_flag | {'-O0': 0.009147610000400163, '-O1': 0.009206840000479133, '-O2': 0.009317279999959283, '-O3': 0.009296250000443252}
313.c | uncertain_best_flag | {'-O0': 0.009179070000209321, '-O1': 0.009054619999733404, '-O2': 0.009051570000156061, '-O3': 0.00921684000059031}
33.c | uncertain_best_flag | {'-O0': 0.009053770000355144, '-O1': 0.009264370000346389, '-O2': 0.009425630000441743, '-O3': 0.009066069999789761}
35.c | uncertain_best_flag | {'-O0': 0.01003620999999839, '-O1': 0.00931819999950676, '-O2': 0.009288460000061605, '-O3': 0.009274150000237569}
36.c | uncertain_best_flag | {'-O0': 0.009187860000020009, '-O1': 0.009240119999230956, '-O2': 0.00916633000033471, '-O3': 0.009192599999551021}
43.c | uncertain_best_flag | {'-O0': 0.010037480000210052, '-O1': 0.009791519999816955, '-O2': 0.009724725000751278, '-O3': 0.010293962499872578}
44.c | uncertain_best_flag | {'-O0': 0.010110180000265246, '-O1': 0.010031224999920596, '-O2': 0.0099598299997524, '-O3': 0.010193189999881724}
48.c | uncertain_best_flag | {'-O0': 0.009832609999466512, '-O1': 0.009796290000849694, '-O2': 0.009739824999996927, '-O3': 0.009920700000293436}
50.c | uncertain_best_flag | {'-O0': 0.00977853000003961, '-O1': 0.009853470000416564, '-O2': 0.009906859999682638, '-O3': 0.009681780000391882}
55.c | uncertain_best_flag | {'-O0': 0.009973125000442451, '-O1': 0.009858579999490757, '-O2': 0.009780870000940921, '-O3': 0.0099550875006571}
58.c | uncertain_best_flag | {'-O0': 0.009843690000707284, '-O1': 0.009851809999963735, '-O2': 0.010006959999736864, '-O3': 0.010081919999356615}
59.c | uncertain_best_flag | {'-O0': 0.009806162500353821, '-O1': 0.009877559999949881, '-O2': 0.009863789999690198, '-O3': 0.010787020000680058}
61.c | uncertain_best_flag | {'-O0': 0.009675590000006196, '-O1': 0.009580900000401016, '-O2': 0.009870087499393776, '-O3': 0.011331239999890386}
62.c | uncertain_best_flag | {'-O0': 0.013271910000003117, '-O1': 0.009478874999558684, '-O2': 0.009793310000532074, '-O3': 0.009564100000413116}
64.c | uncertain_best_flag | {'-O0': 0.009947974999704456, '-O1': 0.009763687500480955, '-O2': 0.009857174999979179, '-O3': 0.010536550000142596}
66.c | uncertain_best_flag | {'-O0': 0.009696590000203287, '-O1': 0.009670639999239939, '-O2': 0.009980989999348822, '-O3': 0.009991100000206643}
67.c | uncertain_best_flag | {'-O0': 0.009775379999700818, '-O1': 0.009710659999473136, '-O2': 0.009760349999669415, '-O3': 0.009855630000311066}
69.c | uncertain_best_flag | {'-O0': 0.009971020000739373, '-O1': 0.010035112499508614, '-O2': 0.009834330000194314, '-O3': 0.009787989999858837}
7.c | uncertain_best_flag | {'-O0': 0.00958946999944601, '-O1': 0.009986400000343565, '-O2': 0.009545340000295255, '-O3': 0.009651789998679305}
72.c | uncertain_best_flag | {'-O0': 0.009867487500514471, '-O1': 0.00987098750010773, '-O2': 0.009882030000335362, '-O3': 0.009779774999969959}
73.c | uncertain_best_flag | {'-O0': 0.009922587499886504, '-O1': 0.00935901999964699, '-O2': 0.009386733333485608, '-O3': 0.009837839999272546}
74.c | uncertain_best_flag | {'-O0': 0.010699590000149329, '-O1': 0.009732369999437652, '-O2': 0.009805249999408261, '-O3': 0.009752750000006926}
79.c | uncertain_best_flag | {'-O0': 0.011933859999589912, '-O1': 0.011785340000096766, '-O2': 0.012115220000123373, '-O3': 0.011879179999959888}
8.c | uncertain_best_flag | {'-O0': 0.00977891000056843, '-O1': 0.009694137499991484, '-O2': 0.009967199999118747, '-O3': 0.009717800000908028}
82.c | uncertain_best_flag | {'-O0': 0.009582790000058595, '-O1': 0.009689290000278562, '-O2': 0.009638262500175188, '-O3': 0.011517550000462506}
88.c | uncertain_best_flag | {'-O0': 0.009922229999392584, '-O1': 0.009869337500504116, '-O2': 0.0105251999990287, '-O3': 0.009943279999424704}
9.c | uncertain_best_flag | {'-O0': 0.009733899999082496, '-O1': 0.010242569999536499, '-O2': 0.009728262499493212, '-O3': 0.010217879999800061}
91.c | uncertain_best_flag | {'-O0': 0.009648340000057942, '-O1': 0.009953390000191575, '-O2': 0.010156750000169268, '-O3': 0.009711859999151784}
98.c | uncertain_best_flag | {'-O0': 0.009836137499632969, '-O1': 0.009890966665807355, '-O2': 0.01034923000006529, '-O3': 0.010112183333452169}
AreaAndCircumference.c | uncertain_best_flag | {'-O0': 0.01000008999981219, '-O1': 0.009749119999833055, '-O2': 0.009763090000160447, '-O3': 0.010289749999355991}
BitwiseAndOperator.c | uncertain_best_flag | {'-O0': 0.009995959999287152, '-O1': 0.009735062499885316, '-O2': 0.010372949999691627, '-O3': 0.009830920000604237}
BitwiseComplementOperator.c | uncertain_best_flag | {'-O0': 0.009794229999897652, '-O1': 0.010166879999997037, '-O2': 0.009793650000392517, '-O3': 0.00984040000071218}
CalcUsingSwitchCase.c | uncertain_best_flag | {'-O0': 0.009806950000165671, '-O1': 0.009916130000965495, '-O2': 0.009732050000820891, '-O3': 0.009799359999487934}
CommonElementsInTwoArrays.c | uncertain_best_flag | {'-O0': 0.011773562499456602, '-O1': 0.009943919999750505, '-O2': 0.010017980000520765, '-O3': 0.010169862499196825}
DailyWageCalc.c | uncertain_best_flag | {'-O0': 0.009793970000646367, '-O1': 0.009812679999959073, '-O2': 0.00980556999984401, '-O3': 0.01096285999956308}
DayNameUsingSwitchCase.c | uncertain_best_flag | {'-O0': 0.009968499999740744, '-O1': 0.01007042499918498, '-O2': 0.009788790000311565, '-O3': 0.00969891999993706}
DiceRoll.c | uncertain_best_flag | {'-O0': 0.00978624000090349, '-O1': 0.00996179999983724, '-O2': 0.009953780000432743, '-O3': 0.009738612499404553}
DisplayLinuxEnvirmentVariables.c | uncertain_best_flag | {'-O0': 0.009911160000592644, '-O1': 0.010022266666055657, '-O2': 0.010218280000663072, '-O3': 0.010007340000629483}
FahrenheitToCelciusConv.c | uncertain_best_flag | {'-O0': 0.00965721249986018, '-O1': 0.00974233999986609, '-O2': 0.009793070000341686, '-O3': 0.009872189999805414}
FibonacciGeneration.c | uncertain_best_flag | {'-O0': 0.009954249999100283, '-O1': 0.010045725000964012, '-O2': 0.00973708999936207, '-O3': 0.009682279999469755}
GotoStatementEvenOrOdd.c | uncertain_best_flag | {'-O0': 0.009609310000087135, '-O1': 0.009674949999498495, '-O2': 0.009568759999820032, '-O3': 0.009785487499812007}
HelloWorld.c | uncertain_best_flag | {'-O0': 0.009896219999791355, '-O1': 0.009513149999838788, '-O2': 0.009550329999365203, '-O3': 0.010223840000435302}
IncrementOperator.c | uncertain_best_flag | {'-O0': 0.009678099999837287, '-O1': 0.009733119999509654, '-O2': 0.010232387500764162, '-O3': 0.011548509999011003}
MagicNumbers.c | uncertain_best_flag | {'-O0': 0.009916419999171922, '-O1': 0.009555269999691519, '-O2': 0.009545137500026613, '-O3': 0.009910012499631193}
Mergesort.c | uncertain_best_flag | {'-O0': 0.009605809999993654, '-O1': 0.00984020000032615, '-O2': 0.009611049998966337, '-O3': 0.009573159999854397}
MirrorNumber.c | uncertain_best_flag | {'-O0': 0.009643280000454979, '-O1': 0.009566590000940779, '-O2': 0.009859212499804926, '-O3': 0.009752487500236384}
NaiveModularInverse.c | uncertain_best_flag | {'-O0': 0.010235012499606455, '-O1': 0.009774725000397666, '-O2': 0.009860979999575647, '-O3': 0.009799730000304407}
NestedifGreatestInteger.c | uncertain_best_flag | {'-O0': 0.009671759999218921, '-O1': 0.009620800000751235, '-O2': 0.011445859999730601, '-O3': 0.01201993999984552}
Number_to_Character.c | uncertain_best_flag | {'-O0': 0.009254899999541521, '-O1': 0.009083750000172586, '-O2': 0.009027180000703083, '-O3': 0.009146140000302694}
PascalTriangle.c | uncertain_best_flag | {'-O0': 0.010962230000041017, '-O1': 0.011110500000177126, '-O2': 0.009659840000131226, '-O3': 0.009704333333199127}
Quicksort.c | uncertain_best_flag | {'-O0': 0.009601459999976214, '-O1': 0.011263620000136143, '-O2': 0.009734933333675144, '-O3': 0.009680083333781415}
RecursiveFactorial.c | uncertain_best_flag | {'-O0': 0.009666009999637026, '-O1': 0.009534474999782105, '-O2': 0.009975225000289356, '-O3': 0.009529490000204532}
SizeofOperator.c | uncertain_best_flag | {'-O0': 0.009685949999948207, '-O1': 0.009472750000592594, '-O2': 0.009507940000003146, '-O3': 0.009997699999439646}
SpiralMatrix.c | uncertain_best_flag | {'-O0': 0.009440339999673596, '-O1': 0.009424309999849357, '-O2': 0.009410387499883655, '-O3': 0.009630969999670924}
SquareRoot.c | uncertain_best_flag | {'-O0': 0.009510950000185403, '-O1': 0.009634519999781332, '-O2': 0.00960656000097515, '-O3': 0.009599970000635949}
Stack - Linked List.c | uncertain_best_flag | {'-O0': 0.009729475000085586, '-O1': 0.009817340000154218, '-O2': 0.009654510000291338, '-O3': 0.009819570000036037}
Star_Pattern.c | uncertain_best_flag | {'-O0': 0.00954116999910184, '-O1': 0.0110767099997247, '-O2': 0.009723150000718305, '-O3': 0.009489450000728539}
Structure.c | uncertain_best_flag | {'-O0': 0.00958477999902243, '-O1': 0.009819970000171452, '-O2': 0.009736450000673358, '-O3': 0.009649149999313522}
StudentMarksPercentage.c | uncertain_best_flag | {'-O0': 0.009802200000740413, '-O1': 0.009714760000315436, '-O2': 0.009583699999348027, '-O3': 0.00962915999989491}
SwapByRefandCopy.c | uncertain_best_flag | {'-O0': 0.009644500000467815, '-O1': 0.009412450000127137, '-O2': 0.009381949999503075, '-O3': 0.00953510000017559}
SwapValueWithoutUsingThirdVariable.c | uncertain_best_flag | {'-O0': 0.010166810000191618, '-O1': 0.009627649999856658, '-O2': 0.00976944000012736, '-O3': 0.009616569999525381}
fastModuloExponentiation.c | uncertain_best_flag | {'-O0': 0.009900830000151472, '-O1': 0.009507780000058119, '-O2': 0.0148258333335131, '-O3': 0.00951258750001216}
ip_address.c | uncertain_best_flag | {'-O0': 0.015019629999733298, '-O1': 0.010219939999478811, '-O2': 0.009753640000235464, '-O3': 0.009661859999687295}
swappingwithoutthirdvariable.c | uncertain_best_flag | {'-O0': 0.010140299999693524, '-O1': 0.00960566000030667, '-O2': 0.012894259999848145, '-O3': 0.009679839999989781}
volume_cone_sphere.c | uncertain_best_flag | {'-O0': 0.00970503749999807, '-O1': 0.00978456000011647, '-O2': 0.009692337499245696, '-O3': 0.009645110000565182}
